z:\development\smallproject\edf\evalboards\microsoft\windows\os2\visual studio\debug\vc140.pdb
z:\development\smallproject\edf\evalboards\microsoft\windows\os2\visual studio\debug\vc140.idb
z:\development\smallproject\edf\evalboards\microsoft\windows\os2\visual studio\debug\lib_ascii.obj
z:\development\smallproject\edf\evalboards\microsoft\windows\os2\visual studio\debug\lib_math.obj
z:\development\smallproject\edf\evalboards\microsoft\windows\os2\visual studio\debug\lib_mem.obj
z:\development\smallproject\edf\evalboards\microsoft\windows\os2\visual studio\debug\lib_str.obj
z:\development\smallproject\edf\evalboards\microsoft\windows\os2\visual studio\debug\os_cpu_c.obj
z:\development\smallproject\edf\evalboards\microsoft\windows\os2\visual studio\debug\os_core.obj
z:\development\smallproject\edf\evalboards\microsoft\windows\os2\visual studio\debug\os_dbg_r.obj
z:\development\smallproject\edf\evalboards\microsoft\windows\os2\visual studio\debug\os_flag.obj
z:\development\smallproject\edf\evalboards\microsoft\windows\os2\visual studio\debug\os_mbox.obj
z:\development\smallproject\edf\evalboards\microsoft\windows\os2\visual studio\debug\os_mem.obj
z:\development\smallproject\edf\evalboards\microsoft\windows\os2\visual studio\debug\os_mutex.obj
z:\development\smallproject\edf\evalboards\microsoft\windows\os2\visual studio\debug\os_q.obj
z:\development\smallproject\edf\evalboards\microsoft\windows\os2\visual studio\debug\os_sem.obj
z:\development\smallproject\edf\evalboards\microsoft\windows\os2\visual studio\debug\os_task.obj
z:\development\smallproject\edf\evalboards\microsoft\windows\os2\visual studio\debug\os_time.obj
z:\development\smallproject\edf\evalboards\microsoft\windows\os2\visual studio\debug\os_tmr.obj
z:\development\smallproject\edf\evalboards\microsoft\windows\os2\visual studio\debug\bsp.obj
z:\development\smallproject\edf\evalboards\microsoft\windows\os2\visual studio\debug\cpu_bsp.obj
z:\development\smallproject\edf\evalboards\microsoft\windows\os2\visual studio\debug\app.obj
z:\development\smallproject\edf\evalboards\microsoft\windows\os2\visual studio\debug\app_hooks.obj
z:\development\smallproject\edf\evalboards\microsoft\windows\os2\visual studio\debug\cpu_core.obj
z:\development\smallproject\edf\evalboards\microsoft\windows\os2\visual studio\debug\cpu_c.obj
z:\development\smallproject\edf\evalboards\microsoft\windows\os2\visual studio\debug\os2.ilk
z:\development\smallproject\edf\evalboards\microsoft\windows\os2\visual studio\debug\os2.exe
z:\development\smallproject\edf\evalboards\microsoft\windows\os2\visual studio\debug\os2.pdb
z:\development\smallproject\edf\evalboards\microsoft\windows\os2\visual studio\debug\os2.tlog\cl.command.1.tlog
z:\development\smallproject\edf\evalboards\microsoft\windows\os2\visual studio\debug\os2.tlog\cl.read.1.tlog
z:\development\smallproject\edf\evalboards\microsoft\windows\os2\visual studio\debug\os2.tlog\cl.write.1.tlog
z:\development\smallproject\edf\evalboards\microsoft\windows\os2\visual studio\debug\os2.tlog\link.command.1.tlog
z:\development\smallproject\edf\evalboards\microsoft\windows\os2\visual studio\debug\os2.tlog\link.read.1.tlog
z:\development\smallproject\edf\evalboards\microsoft\windows\os2\visual studio\debug\os2.tlog\link.write.1.tlog
